# JRE version: OpenJDK Runtime Environment (8.0_76-b03) (build 1.8.0_76-release-b03)
# Java VM: OpenJDK 64-Bit Server VM (25.76-b03 mixed mode linux-amd64 compressed oops)
Heap:
 def new generation   total 154944K, used 142025K [0x00000000a0000000, 0x00000000aa810000, 0x00000000c0000000)
  eden space 137792K,  97% used [0x00000000a0000000, 0x00000000a82c4a18, 0x00000000a8690000)
  from space 17152K,  47% used [0x00000000a8690000, 0x00000000a8e7db30, 0x00000000a9750000)
  to   space 17152K,   0% used [0x00000000a9750000, 0x00000000a9750000, 0x00000000aa810000)
 tenured generation   total 344064K, used 57947K [0x00000000c0000000, 0x00000000d5000000, 0x0000000100000000)
   the space 344064K,  16% used [0x00000000c0000000, 0x00000000c3896cd8, 0x00000000c3896e00, 0x00000000d5000000)
 Metaspace       used 67857K, capacity 70238K, committed 70400K, reserved 1110016K
  class space    used 8398K, capacity 8816K, committed 8960K, reserved 1048576K
GC Heap History (10 events):
Event: 1635.982 GC heap before
{Heap before GC invocations=40 (full 6):
 def new generation   total 154944K, used 137378K [0x00000000a0000000, 0x00000000aa820000, 0x00000000c0000000)
  eden space 137728K,  99% used [0x00000000a0000000, 0x00000000a8626718, 0x00000000a8680000)
  from space 17216K,   0% used [0x00000000a9750000, 0x00000000a9752490, 0x00000000aa820000)
  to   space 17216K,   0% used [0x00000000a8680000, 0x00000000a8680000, 0x00000000a9750000)
 tenured generation   total 344064K, used 144504K [0x00000000c0000000, 0x00000000d5000000, 0x0000000100000000)
   the space 344064K,  41% used [0x00000000c0000000, 0x00000000c8d1e398, 0x00000000c8d1e400, 0x00000000d5000000)
 Metaspace       used 67810K, capacity 70132K, committed 70400K, reserved 1110016K
  class space    used 8421K, capacity 8843K, committed 8960K, reserved 1048576K
Event: 1635.985 GC heap after
Heap after GC invocations=41 (full 6):
 def new generation   total 154944K, used 18K [0x00000000a0000000, 0x00000000aa820000, 0x00000000c0000000)
  eden space 137728K,   0% used [0x00000000a0000000, 0x00000000a0000000, 0x00000000a8680000)
  from space 17216K,   0% used [0x00000000a8680000, 0x00000000a8684828, 0x00000000a9750000)
  to   space 17216K,   0% used [0x00000000a9750000, 0x00000000a9750000, 0x00000000aa820000)
 tenured generation   total 344064K, used 144504K [0x00000000c0000000, 0x00000000d5000000, 0x0000000100000000)
   the space 344064K,  41% used [0x00000000c0000000, 0x00000000c8d1e398, 0x00000000c8d1e400, 0x00000000d5000000)
 Metaspace       used 67810K, capacity 70132K, committed 70400K, reserved 1110016K
  class space    used 8421K, capacity 8843K, committed 8960K, reserved 1048576K
}
Event: 1636.053 GC heap before
{Heap before GC invocations=41 (full 6):
 def new generation   total 154944K, used 137574K [0x00000000a0000000, 0x00000000aa820000, 0x00000000c0000000)
  eden space 137728K,  99% used [0x00000000a0000000, 0x00000000a86551c0, 0x00000000a8680000)
  from space 17216K,   0% used [0x00000000a8680000, 0x00000000a8684828, 0x00000000a9750000)
  to   space 17216K,   0% used [0x00000000a9750000, 0x00000000a9750000, 0x00000000aa820000)
 tenured generation   total 344064K, used 144504K [0x00000000c0000000, 0x00000000d5000000, 0x0000000100000000)
   the space 344064K,  41% used [0x00000000c0000000, 0x00000000c8d1e398, 0x00000000c8d1e400, 0x00000000d5000000)
 Metaspace       used 67810K, capacity 70132K, committed 70400K, reserved 1110016K
  class space    used 8421K, capacity 8843K, committed 8960K, reserved 1048576K
Event: 1636.055 GC heap after
Heap after GC invocations=42 (full 6):
 def new generation   total 154944K, used 26K [0x00000000a0000000, 0x00000000aa820000, 0x00000000c0000000)
  eden space 137728K,   0% used [0x00000000a0000000, 0x00000000a0000000, 0x00000000a8680000)
  from space 17216K,   0% used [0x00000000a9750000, 0x00000000a9756ad0, 0x00000000aa820000)
  to   space 17216K,   0% used [0x00000000a8680000, 0x00000000a8680000, 0x00000000a9750000)
 tenured generation   total 344064K, used 144504K [0x00000000c0000000, 0x00000000d5000000, 0x0000000100000000)
   the space 344064K,  41% used [0x00000000c0000000, 0x00000000c8d1e398, 0x00000000c8d1e400, 0x00000000d5000000)
 Metaspace       used 67810K, capacity 70132K, committed 70400K, reserved 1110016K
  class space    used 8421K, capacity 8843K, committed 8960K, reserved 1048576K
}
Event: 1636.355 GC heap before
{Heap before GC invocations=42 (full 6):
 def new generation   total 154944K, used 57332K [0x00000000a0000000, 0x00000000aa820000, 0x00000000c0000000)
  eden space 137728K,  41% used [0x00000000a0000000, 0x00000000a37f6808, 0x00000000a8680000)
  from space 17216K,   0% used [0x00000000a9750000, 0x00000000a9756ad0, 0x00000000aa820000)
  to   space 17216K,   0% used [0x00000000a8680000, 0x00000000a8680000, 0x00000000a9750000)
 tenured generation   total 344064K, used 144504K [0x00000000c0000000, 0x00000000d5000000, 0x0000000100000000)
   the space 344064K,  41% used [0x00000000c0000000, 0x00000000c8d1e398, 0x00000000c8d1e400, 0x00000000d5000000)
 Metaspace       used 67823K, capacity 70132K, committed 70400K, reserved 1110016K
  class space    used 8421K, capacity 8843K, committed 8960K, reserved 1048576K
Event: 1636.555 GC heap after
Heap after GC invocations=43 (full 7):
 def new generation   total 154944K, used 0K [0x00000000a0000000, 0x00000000aa810000, 0x00000000c0000000)
  eden space 137792K,   0% used [0x00000000a0000000, 0x00000000a0000000, 0x00000000a8690000)
  from space 17152K,   0% used [0x00000000a8690000, 0x00000000a8690000, 0x00000000a9750000)
  to   space 17152K,   0% used [0x00000000a9750000, 0x00000000a9750000, 0x00000000aa810000)
 tenured generation   total 344064K, used 57947K [0x00000000c0000000, 0x00000000d5000000, 0x0000000100000000)
   the space 344064K,  16% used [0x00000000c0000000, 0x00000000c3896cd8, 0x00000000c3896e00, 0x00000000d5000000)
 Metaspace       used 67528K, capacity 69720K, committed 70400K, reserved 1110016K
  class space    used 8369K, capacity 8769K, committed 8960K, reserved 1048576K
}
Event: 1757.605 GC heap before
{Heap before GC invocations=43 (full 7):
 def new generation   total 154944K, used 137792K [0x00000000a0000000, 0x00000000aa810000, 0x00000000c0000000)
  eden space 137792K, 100% used [0x00000000a0000000, 0x00000000a8690000, 0x00000000a8690000)
  from space 17152K,   0% used [0x00000000a8690000, 0x00000000a8690000, 0x00000000a9750000)
  to   space 17152K,   0% used [0x00000000a9750000, 0x00000000a9750000, 0x00000000aa810000)
 tenured generation   total 344064K, used 57947K [0x00000000c0000000, 0x00000000d5000000, 0x0000000100000000)
   the space 344064K,  16% used [0x00000000c0000000, 0x00000000c3896cd8, 0x00000000c3896e00, 0x00000000d5000000)
 Metaspace       used 67685K, capacity 70056K, committed 70400K, reserved 1110016K
  class space    used 8388K, capacity 8797K, committed 8960K, reserved 1048576K
Event: 1757.622 GC heap after
Heap after GC invocations=44 (full 7):
 def new generation   total 154944K, used 4373K [0x00000000a0000000, 0x00000000aa810000, 0x00000000c0000000)
  eden space 137792K,   0% used [0x00000000a0000000, 0x00000000a0000000, 0x00000000a8690000)
  from space 17152K,  25% used [0x00000000a9750000, 0x00000000a9b956d8, 0x00000000aa810000)
  to   space 17152K,   0% used [0x00000000a8690000, 0x00000000a8690000, 0x00000000a9750000)
 tenured generation   total 344064K, used 57947K [0x00000000c0000000, 0x00000000d5000000, 0x0000000100000000)
   the space 344064K,  16% used [0x00000000c0000000, 0x00000000c3896cd8, 0x00000000c3896e00, 0x00000000d5000000)
 Metaspace       used 67685K, capacity 70056K, committed 70400K, reserved 1110016K
  class space    used 8388K, capacity 8797K, committed 8960K, reserved 1048576K
}
Event: 1758.760 GC heap before
{Heap before GC invocations=44 (full 7):
 def new generation   total 154944K, used 142165K [0x00000000a0000000, 0x00000000aa810000, 0x00000000c0000000)
  eden space 137792K, 100% used [0x00000000a0000000, 0x00000000a8690000, 0x00000000a8690000)
  from space 17152K,  25% used [0x00000000a9750000, 0x00000000a9b956d8, 0x00000000aa810000)
  to   space 17152K,   0% used [0x00000000a8690000, 0x00000000a8690000, 0x00000000a9750000)
 tenured generation   total 344064K, used 57947K [0x00000000c0000000, 0x00000000d5000000, 0x0000000100000000)
   the space 344064K,  16% used [0x00000000c0000000, 0x00000000c3896cd8, 0x00000000c3896e00, 0x00000000d5000000)
 Metaspace       used 67805K, capacity 70174K, committed 70400K, reserved 1110016K
  class space    used 8398K, capacity 8816K, committed 8960K, reserved 1048576K
Event: 1758.787 GC heap after
Heap after GC invocations=45 (full 7):
 def new generation   total 154944K, used 8118K [0x00000000a0000000, 0x00000000aa810000, 0x00000000c0000000)
  eden space 137792K,   0% used [0x00000000a0000000, 0x00000000a0000000, 0x00000000a8690000)
  from space 17152K,  47% used [0x00000000a8690000, 0x00000000a8e7db30, 0x00000000a9750000)
  to   space 17152K,   0% used [0x00000000a9750000, 0x00000000a9750000, 0x00000000aa810000)
 tenured generation   total 344064K, used 57947K [0x00000000c0000000, 0x00000000d5000000, 0x0000000100000000)
   the space 344064K,  16% used [0x00000000c0000000, 0x00000000c3896cd8, 0x00000000c3896e00, 0x00000000d5000000)
 Metaspace       used 67805K, capacity 70174K, committed 70400K, reserved 1110016K
  class space    used 8398K, capacity 8816K, committed 8960K, reserved 1048576K
}

