# JRE version: OpenJDK Runtime Environment (8.0_76-b03) (build 1.8.0_76-release-b03)
# Java VM: OpenJDK 64-Bit Server VM (25.76-b03 mixed mode linux-amd64 compressed oops)
Heap:
 def new generation   total 154944K, used 92317K [0x00000000a0000000, 0x00000000aa810000, 0x00000000c0000000)
  eden space 137792K,  56% used [0x00000000a0000000, 0x00000000a4c44530, 0x00000000a8690000)
  from space 17152K,  82% used [0x00000000a9750000, 0x00000000aa532fe0, 0x00000000aa810000)
  to   space 17152K,   0% used [0x00000000a8690000, 0x00000000a8690000, 0x00000000a9750000)
 tenured generation   total 344064K, used 26813K [0x00000000c0000000, 0x00000000d5000000, 0x0000000100000000)
   the space 344064K,   7% used [0x00000000c0000000, 0x00000000c1a2f7d0, 0x00000000c1a2f800, 0x00000000d5000000)
 Metaspace       used 49060K, capacity 50422K, committed 50688K, reserved 1093632K
  class space    used 6532K, capacity 6859K, committed 6912K, reserved 1048576K
GC Heap History (10 events):
Event: 4.312 GC heap before
{Heap before GC invocations=1 (full 0):
 def new generation   total 154880K, used 31664K [0x00000000a0000000, 0x00000000aa800000, 0x00000000c0000000)
  eden space 137728K,  10% used [0x00000000a0000000, 0x00000000a0ec0c88, 0x00000000a8680000)
  from space 17152K,  96% used [0x00000000a9740000, 0x00000000aa76b660, 0x00000000aa800000)
  to   space 17152K,   0% used [0x00000000a8680000, 0x00000000a8680000, 0x00000000a9740000)
 tenured generation   total 344064K, used 0K [0x00000000c0000000, 0x00000000d5000000, 0x0000000100000000)
   the space 344064K,   0% used [0x00000000c0000000, 0x00000000c0000000, 0x00000000c0000200, 0x00000000d5000000)
 Metaspace       used 20874K, capacity 21156K, committed 21296K, reserved 1067008K
  class space    used 2780K, capacity 2880K, committed 2944K, reserved 1048576K
Event: 4.368 GC heap after
Heap after GC invocations=2 (full 1):
 def new generation   total 154944K, used 0K [0x00000000a0000000, 0x00000000aa810000, 0x00000000c0000000)
  eden space 137792K,   0% used [0x00000000a0000000, 0x00000000a0000000, 0x00000000a8690000)
  from space 17152K,   0% used [0x00000000a8690000, 0x00000000a8690000, 0x00000000a9750000)
  to   space 17152K,   0% used [0x00000000a9750000, 0x00000000a9750000, 0x00000000aa810000)
 tenured generation   total 344064K, used 8312K [0x00000000c0000000, 0x00000000d5000000, 0x0000000100000000)
   the space 344064K,   2% used [0x00000000c0000000, 0x00000000c081e3e8, 0x00000000c081e400, 0x00000000d5000000)
 Metaspace       used 20874K, capacity 21156K, committed 21296K, reserved 1067008K
  class space    used 2780K, capacity 2880K, committed 2944K, reserved 1048576K
}
Event: 7.589 GC heap before
{Heap before GC invocations=2 (full 1):
 def new generation   total 154944K, used 137792K [0x00000000a0000000, 0x00000000aa810000, 0x00000000c0000000)
  eden space 137792K, 100% used [0x00000000a0000000, 0x00000000a8690000, 0x00000000a8690000)
  from space 17152K,   0% used [0x00000000a8690000, 0x00000000a8690000, 0x00000000a9750000)
  to   space 17152K,   0% used [0x00000000a9750000, 0x00000000a9750000, 0x00000000aa810000)
 tenured generation   total 344064K, used 8312K [0x00000000c0000000, 0x00000000d5000000, 0x0000000100000000)
   the space 344064K,   2% used [0x00000000c0000000, 0x00000000c081e3e8, 0x00000000c081e400, 0x00000000d5000000)
 Metaspace       used 27907K, capacity 28468K, committed 28544K, reserved 1073152K
  class space    used 3800K, capacity 3946K, committed 3968K, reserved 1048576K
Event: 7.611 GC heap after
Heap after GC invocations=3 (full 1):
 def new generation   total 154944K, used 8378K [0x00000000a0000000, 0x00000000aa810000, 0x00000000c0000000)
  eden space 137792K,   0% used [0x00000000a0000000, 0x00000000a0000000, 0x00000000a8690000)
  from space 17152K,  48% used [0x00000000a9750000, 0x00000000a9f7eb68, 0x00000000aa810000)
  to   space 17152K,   0% used [0x00000000a8690000, 0x00000000a8690000, 0x00000000a9750000)
 tenured generation   total 344064K, used 8312K [0x00000000c0000000, 0x00000000d5000000, 0x0000000100000000)
   the space 344064K,   2% used [0x00000000c0000000, 0x00000000c081e3e8, 0x00000000c081e400, 0x00000000d5000000)
 Metaspace       used 27907K, capacity 28468K, committed 28544K, reserved 1073152K
  class space    used 3800K, capacity 3946K, committed 3968K, reserved 1048576K
}
Event: 9.953 GC heap before
{Heap before GC invocations=3 (full 1):
 def new generation   total 154944K, used 106501K [0x00000000a0000000, 0x00000000aa810000, 0x00000000c0000000)
  eden space 137792K,  71% used [0x00000000a0000000, 0x00000000a5fd2c48, 0x00000000a8690000)
  from space 17152K,  48% used [0x00000000a9750000, 0x00000000a9f7eb68, 0x00000000aa810000)
  to   space 17152K,   0% used [0x00000000a8690000, 0x00000000a8690000, 0x00000000a9750000)
 tenured generation   total 344064K, used 8312K [0x00000000c0000000, 0x00000000d5000000, 0x0000000100000000)
   the space 344064K,   2% used [0x00000000c0000000, 0x00000000c081e3e8, 0x00000000c081e400, 0x00000000d5000000)
 Metaspace       used 34759K, capacity 35332K, committed 35496K, reserved 1079296K
  class space    used 4665K, capacity 4825K, committed 4864K, reserved 1048576K
Event: 10.159 GC heap after
Heap after GC invocations=4 (full 2):
 def new generation   total 154944K, used 0K [0x00000000a0000000, 0x00000000aa810000, 0x00000000c0000000)
  eden space 137792K,   0% used [0x00000000a0000000, 0x00000000a0000000, 0x00000000a8690000)
  from space 17152K,   0% used [0x00000000a9750000, 0x00000000a9750000, 0x00000000aa810000)
  to   space 17152K,   0% used [0x00000000a8690000, 0x00000000a8690000, 0x00000000a9750000)
 tenured generation   total 344064K, used 19891K [0x00000000c0000000, 0x00000000d5000000, 0x0000000100000000)
   the space 344064K,   5% used [0x00000000c0000000, 0x00000000c136cc00, 0x00000000c136cc00, 0x00000000d5000000)
 Metaspace       used 34759K, capacity 35332K, committed 35496K, reserved 1079296K
  class space    used 4665K, capacity 4825K, committed 4864K, reserved 1048576K
}
Event: 13.364 GC heap before
{Heap before GC invocations=4 (full 2):
 def new generation   total 154944K, used 137792K [0x00000000a0000000, 0x00000000aa810000, 0x00000000c0000000)
  eden space 137792K, 100% used [0x00000000a0000000, 0x00000000a8690000, 0x00000000a8690000)
  from space 17152K,   0% used [0x00000000a9750000, 0x00000000a9750000, 0x00000000aa810000)
  to   space 17152K,   0% used [0x00000000a8690000, 0x00000000a8690000, 0x00000000a9750000)
 tenured generation   total 344064K, used 19891K [0x00000000c0000000, 0x00000000d5000000, 0x0000000100000000)
   the space 344064K,   5% used [0x00000000c0000000, 0x00000000c136cc00, 0x00000000c136cc00, 0x00000000d5000000)
 Metaspace       used 42843K, capacity 43688K, committed 43904K, reserved 1087488K
  class space    used 5691K, capacity 5902K, committed 6016K, reserved 1048576K
Event: 13.420 GC heap after
Heap after GC invocations=5 (full 2):
 def new generation   total 154944K, used 10946K [0x00000000a0000000, 0x00000000aa810000, 0x00000000c0000000)
  eden space 137792K,   0% used [0x00000000a0000000, 0x00000000a0000000, 0x00000000a8690000)
  from space 17152K,  63% used [0x00000000a8690000, 0x00000000a9140928, 0x00000000a9750000)
  to   space 17152K,   0% used [0x00000000a9750000, 0x00000000a9750000, 0x00000000aa810000)
 tenured generation   total 344064K, used 19891K [0x00000000c0000000, 0x00000000d5000000, 0x0000000100000000)
   the space 344064K,   5% used [0x00000000c0000000, 0x00000000c136cc00, 0x00000000c136cc00, 0x00000000d5000000)
 Metaspace       used 42843K, capacity 43688K, committed 43904K, reserved 1087488K
  class space    used 5691K, capacity 5902K, committed 6016K, reserved 1048576K
}
Event: 15.995 GC heap before
{Heap before GC invocations=5 (full 2):
 def new generation   total 154944K, used 148738K [0x00000000a0000000, 0x00000000aa810000, 0x00000000c0000000)
  eden space 137792K, 100% used [0x00000000a0000000, 0x00000000a8690000, 0x00000000a8690000)
  from space 17152K,  63% used [0x00000000a8690000, 0x00000000a9140928, 0x00000000a9750000)
  to   space 17152K,   0% used [0x00000000a9750000, 0x00000000a9750000, 0x00000000aa810000)
 tenured generation   total 344064K, used 19891K [0x00000000c0000000, 0x00000000d5000000, 0x0000000100000000)
   the space 344064K,   5% used [0x00000000c0000000, 0x00000000c136cc00, 0x00000000c136cc00, 0x00000000d5000000)
 Metaspace       used 46905K, capacity 48240K, committed 48384K, reserved 1091584K
  class space    used 6302K, capacity 6614K, committed 6656K, reserved 1048576K
Event: 16.054 GC heap after
Heap after GC invocations=6 (full 2):
 def new generation   total 154944K, used 14219K [0x00000000a0000000, 0x00000000aa810000, 0x00000000c0000000)
  eden space 137792K,   0% used [0x00000000a0000000, 0x00000000a0000000, 0x00000000a8690000)
  from space 17152K,  82% used [0x00000000a9750000, 0x00000000aa532fe0, 0x00000000aa810000)
  to   space 17152K,   0% used [0x00000000a8690000, 0x00000000a8690000, 0x00000000a9750000)
 tenured generation   total 344064K, used 26813K [0x00000000c0000000, 0x00000000d5000000, 0x0000000100000000)
   the space 344064K,   7% used [0x00000000c0000000, 0x00000000c1a2f7d0, 0x00000000c1a2f800, 0x00000000d5000000)
 Metaspace       used 46905K, capacity 48240K, committed 48384K, reserved 1091584K
  class space    used 6302K, capacity 6614K, committed 6656K, reserved 1048576K
}

