# JRE version: OpenJDK Runtime Environment (8.0_76-b03) (build 1.8.0_76-release-b03)
# Java VM: OpenJDK 64-Bit Server VM (25.76-b03 mixed mode linux-amd64 compressed oops)
Heap:
 def new generation   total 154944K, used 143639K [0x00000000a0000000, 0x00000000aa810000, 0x00000000c0000000)
  eden space 137792K,  97% used [0x00000000a0000000, 0x00000000a82fa778, 0x00000000a8690000)
  from space 17152K,  55% used [0x00000000a8690000, 0x00000000a8fdb580, 0x00000000a9750000)
  to   space 17152K,   0% used [0x00000000a9750000, 0x00000000a9750000, 0x00000000aa810000)
 tenured generation   total 344064K, used 98901K [0x00000000c0000000, 0x00000000d5000000, 0x0000000100000000)
   the space 344064K,  28% used [0x00000000c0000000, 0x00000000c6095798, 0x00000000c6095800, 0x00000000d5000000)
 Metaspace       used 64469K, capacity 66312K, committed 66432K, reserved 1107968K
  class space    used 8155K, capacity 8569K, committed 8576K, reserved 1048576K
GC Heap History (10 events):
Event: 56.217 GC heap before
{Heap before GC invocations=19 (full 3):
 def new generation   total 154944K, used 136859K [0x00000000a0000000, 0x00000000aa810000, 0x00000000c0000000)
  eden space 137792K,  99% used [0x00000000a0000000, 0x00000000a85a4b60, 0x00000000a8690000)
  from space 17152K,   0% used [0x00000000a9750000, 0x00000000a9752498, 0x00000000aa810000)
  to   space 17152K,   0% used [0x00000000a8690000, 0x00000000a8690000, 0x00000000a9750000)
 tenured generation   total 344064K, used 95137K [0x00000000c0000000, 0x00000000d5000000, 0x0000000100000000)
   the space 344064K,  27% used [0x00000000c0000000, 0x00000000c5ce8488, 0x00000000c5ce8600, 0x00000000d5000000)
 Metaspace       used 59779K, capacity 61422K, committed 61696K, reserved 1103872K
  class space    used 7727K, capacity 8086K, committed 8192K, reserved 1048576K
Event: 56.220 GC heap after
Heap after GC invocations=20 (full 3):
 def new generation   total 154944K, used 18K [0x00000000a0000000, 0x00000000aa810000, 0x00000000c0000000)
  eden space 137792K,   0% used [0x00000000a0000000, 0x00000000a0000000, 0x00000000a8690000)
  from space 17152K,   0% used [0x00000000a8690000, 0x00000000a8694910, 0x00000000a9750000)
  to   space 17152K,   0% used [0x00000000a9750000, 0x00000000a9750000, 0x00000000aa810000)
 tenured generation   total 344064K, used 95137K [0x00000000c0000000, 0x00000000d5000000, 0x0000000100000000)
   the space 344064K,  27% used [0x00000000c0000000, 0x00000000c5ce8488, 0x00000000c5ce8600, 0x00000000d5000000)
 Metaspace       used 59779K, capacity 61422K, committed 61696K, reserved 1103872K
  class space    used 7727K, capacity 8086K, committed 8192K, reserved 1048576K
}
Event: 56.278 GC heap before
{Heap before GC invocations=20 (full 3):
 def new generation   total 154944K, used 137698K [0x00000000a0000000, 0x00000000aa810000, 0x00000000c0000000)
  eden space 137792K,  99% used [0x00000000a0000000, 0x00000000a8674280, 0x00000000a8690000)
  from space 17152K,   0% used [0x00000000a8690000, 0x00000000a8694910, 0x00000000a9750000)
  to   space 17152K,   0% used [0x00000000a9750000, 0x00000000a9750000, 0x00000000aa810000)
 tenured generation   total 344064K, used 95137K [0x00000000c0000000, 0x00000000d5000000, 0x0000000100000000)
   the space 344064K,  27% used [0x00000000c0000000, 0x00000000c5ce8488, 0x00000000c5ce8600, 0x00000000d5000000)
 Metaspace       used 59779K, capacity 61422K, committed 61696K, reserved 1103872K
  class space    used 7727K, capacity 8086K, committed 8192K, reserved 1048576K
Event: 56.282 GC heap after
Heap after GC invocations=21 (full 3):
 def new generation   total 154944K, used 27K [0x00000000a0000000, 0x00000000aa810000, 0x00000000c0000000)
  eden space 137792K,   0% used [0x00000000a0000000, 0x00000000a0000000, 0x00000000a8690000)
  from space 17152K,   0% used [0x00000000a9750000, 0x00000000a9756de0, 0x00000000aa810000)
  to   space 17152K,   0% used [0x00000000a8690000, 0x00000000a8690000, 0x00000000a9750000)
 tenured generation   total 344064K, used 95137K [0x00000000c0000000, 0x00000000d5000000, 0x0000000100000000)
   the space 344064K,  27% used [0x00000000c0000000, 0x00000000c5ce8488, 0x00000000c5ce8600, 0x00000000d5000000)
 Metaspace       used 59779K, capacity 61422K, committed 61696K, reserved 1103872K
  class space    used 7727K, capacity 8086K, committed 8192K, reserved 1048576K
}
Event: 56.351 GC heap before
{Heap before GC invocations=21 (full 3):
 def new generation   total 154944K, used 137791K [0x00000000a0000000, 0x00000000aa810000, 0x00000000c0000000)
  eden space 137792K,  99% used [0x00000000a0000000, 0x00000000a8688ff8, 0x00000000a8690000)
  from space 17152K,   0% used [0x00000000a9750000, 0x00000000a9756de0, 0x00000000aa810000)
  to   space 17152K,   0% used [0x00000000a8690000, 0x00000000a8690000, 0x00000000a9750000)
 tenured generation   total 344064K, used 95137K [0x00000000c0000000, 0x00000000d5000000, 0x0000000100000000)
   the space 344064K,  27% used [0x00000000c0000000, 0x00000000c5ce8488, 0x00000000c5ce8600, 0x00000000d5000000)
 Metaspace       used 59779K, capacity 61422K, committed 61696K, reserved 1103872K
  class space    used 7727K, capacity 8086K, committed 8192K, reserved 1048576K
Event: 56.354 GC heap after
Heap after GC invocations=22 (full 3):
 def new generation   total 154944K, used 36K [0x00000000a0000000, 0x00000000aa810000, 0x00000000c0000000)
  eden space 137792K,   0% used [0x00000000a0000000, 0x00000000a0000000, 0x00000000a8690000)
  from space 17152K,   0% used [0x00000000a8690000, 0x00000000a8699120, 0x00000000a9750000)
  to   space 17152K,   0% used [0x00000000a9750000, 0x00000000a9750000, 0x00000000aa810000)
 tenured generation   total 344064K, used 95137K [0x00000000c0000000, 0x00000000d5000000, 0x0000000100000000)
   the space 344064K,  27% used [0x00000000c0000000, 0x00000000c5ce8488, 0x00000000c5ce8600, 0x00000000d5000000)
 Metaspace       used 59779K, capacity 61422K, committed 61696K, reserved 1103872K
  class space    used 7727K, capacity 8086K, committed 8192K, reserved 1048576K
}
Event: 60.607 GC heap before
{Heap before GC invocations=22 (full 3):
 def new generation   total 154944K, used 137828K [0x00000000a0000000, 0x00000000aa810000, 0x00000000c0000000)
  eden space 137792K, 100% used [0x00000000a0000000, 0x00000000a8690000, 0x00000000a8690000)
  from space 17152K,   0% used [0x00000000a8690000, 0x00000000a8699120, 0x00000000a9750000)
  to   space 17152K,   0% used [0x00000000a9750000, 0x00000000a9750000, 0x00000000aa810000)
 tenured generation   total 344064K, used 95137K [0x00000000c0000000, 0x00000000d5000000, 0x0000000100000000)
   the space 344064K,  27% used [0x00000000c0000000, 0x00000000c5ce8488, 0x00000000c5ce8600, 0x00000000d5000000)
 Metaspace       used 63654K, capacity 65510K, committed 65664K, reserved 1105920K
  class space    used 8127K, capacity 8536K, committed 8576K, reserved 1048576K
Event: 60.665 GC heap after
Heap after GC invocations=23 (full 3):
 def new generation   total 154944K, used 9722K [0x00000000a0000000, 0x00000000aa810000, 0x00000000c0000000)
  eden space 137792K,   0% used [0x00000000a0000000, 0x00000000a0000000, 0x00000000a8690000)
  from space 17152K,  56% used [0x00000000a9750000, 0x00000000aa0ce928, 0x00000000aa810000)
  to   space 17152K,   0% used [0x00000000a8690000, 0x00000000a8690000, 0x00000000a9750000)
 tenured generation   total 344064K, used 95137K [0x00000000c0000000, 0x00000000d5000000, 0x0000000100000000)
   the space 344064K,  27% used [0x00000000c0000000, 0x00000000c5ce8488, 0x00000000c5ce8600, 0x00000000d5000000)
 Metaspace       used 63654K, capacity 65510K, committed 65664K, reserved 1105920K
  class space    used 8127K, capacity 8536K, committed 8576K, reserved 1048576K
}
Event: 63.957 GC heap before
{Heap before GC invocations=23 (full 3):
 def new generation   total 154944K, used 147514K [0x00000000a0000000, 0x00000000aa810000, 0x00000000c0000000)
  eden space 137792K, 100% used [0x00000000a0000000, 0x00000000a8690000, 0x00000000a8690000)
  from space 17152K,  56% used [0x00000000a9750000, 0x00000000aa0ce928, 0x00000000aa810000)
  to   space 17152K,   0% used [0x00000000a8690000, 0x00000000a8690000, 0x00000000a9750000)
 tenured generation   total 344064K, used 95137K [0x00000000c0000000, 0x00000000d5000000, 0x0000000100000000)
   the space 344064K,  27% used [0x00000000c0000000, 0x00000000c5ce8488, 0x00000000c5ce8600, 0x00000000d5000000)
 Metaspace       used 64165K, capacity 65960K, committed 66176K, reserved 1107968K
  class space    used 8145K, capacity 8537K, committed 8576K, reserved 1048576K
Event: 64.062 GC heap after
Heap after GC invocations=24 (full 3):
 def new generation   total 154944K, used 9517K [0x00000000a0000000, 0x00000000aa810000, 0x00000000c0000000)
  eden space 137792K,   0% used [0x00000000a0000000, 0x00000000a0000000, 0x00000000a8690000)
  from space 17152K,  55% used [0x00000000a8690000, 0x00000000a8fdb580, 0x00000000a9750000)
  to   space 17152K,   0% used [0x00000000a9750000, 0x00000000a9750000, 0x00000000aa810000)
 tenured generation   total 344064K, used 98901K [0x00000000c0000000, 0x00000000d5000000, 0x0000000100000000)
   the space 344064K,  28% used [0x00000000c0000000, 0x00000000c6095798, 0x00000000c6095800, 0x00000000d5000000)
 Metaspace       used 64165K, capacity 65960K, committed 66176K, reserved 1107968K
  class space    used 8145K, capacity 8537K, committed 8576K, reserved 1048576K
}

