# JRE version: OpenJDK Runtime Environment (8.0_76-b03) (build 1.8.0_76-release-b03)
# Java VM: OpenJDK 64-Bit Server VM (25.76-b03 mixed mode linux-amd64 compressed oops)
Heap:
 def new generation   total 154944K, used 45263K [0x00000000a0000000, 0x00000000aa810000, 0x00000000c0000000)
  eden space 137792K,  21% used [0x00000000a0000000, 0x00000000a1d93b18, 0x00000000a8690000)
  from space 17152K,  87% used [0x00000000a9750000, 0x00000000aa5f0418, 0x00000000aa810000)
  to   space 17152K,   0% used [0x00000000a8690000, 0x00000000a8690000, 0x00000000a9750000)
 tenured generation   total 344064K, used 133283K [0x00000000c0000000, 0x00000000d5000000, 0x0000000100000000)
   the space 344064K,  38% used [0x00000000c0000000, 0x00000000c8228d38, 0x00000000c8228e00, 0x00000000d5000000)
 Metaspace       used 75544K, capacity 78754K, committed 78848K, reserved 1118208K
  class space    used 9555K, capacity 10200K, committed 10240K, reserved 1048576K
GC Heap History (10 events):
Event: 2914.955 GC heap before
{Heap before GC invocations=47 (full 4):
 def new generation   total 154944K, used 143072K [0x00000000a0000000, 0x00000000aa810000, 0x00000000c0000000)
  eden space 137792K,  99% used [0x00000000a0000000, 0x00000000a86815c8, 0x00000000a8690000)
  from space 17152K,  31% used [0x00000000a8690000, 0x00000000a8bc6d60, 0x00000000a9750000)
  to   space 17152K,   0% used [0x00000000a9750000, 0x00000000a9750000, 0x00000000aa810000)
 tenured generation   total 344064K, used 133283K [0x00000000c0000000, 0x00000000d5000000, 0x0000000100000000)
   the space 344064K,  38% used [0x00000000c0000000, 0x00000000c8228d38, 0x00000000c8228e00, 0x00000000d5000000)
 Metaspace       used 74471K, capacity 77596K, committed 77696K, reserved 1116160K
  class space    used 9450K, capacity 10093K, committed 10112K, reserved 1048576K
Event: 2914.984 GC heap after
Heap after GC invocations=48 (full 4):
 def new generation   total 154944K, used 4374K [0x00000000a0000000, 0x00000000aa810000, 0x00000000c0000000)
  eden space 137792K,   0% used [0x00000000a0000000, 0x00000000a0000000, 0x00000000a8690000)
  from space 17152K,  25% used [0x00000000a9750000, 0x00000000a9b95a50, 0x00000000aa810000)
  to   space 17152K,   0% used [0x00000000a8690000, 0x00000000a8690000, 0x00000000a9750000)
 tenured generation   total 344064K, used 133283K [0x00000000c0000000, 0x00000000d5000000, 0x0000000100000000)
   the space 344064K,  38% used [0x00000000c0000000, 0x00000000c8228d38, 0x00000000c8228e00, 0x00000000d5000000)
 Metaspace       used 74471K, capacity 77596K, committed 77696K, reserved 1116160K
  class space    used 9450K, capacity 10093K, committed 10112K, reserved 1048576K
}
Event: 2915.115 GC heap before
{Heap before GC invocations=48 (full 4):
 def new generation   total 154944K, used 142093K [0x00000000a0000000, 0x00000000aa810000, 0x00000000c0000000)
  eden space 137792K,  99% used [0x00000000a0000000, 0x00000000a867db60, 0x00000000a8690000)
  from space 17152K,  25% used [0x00000000a9750000, 0x00000000a9b95a50, 0x00000000aa810000)
  to   space 17152K,   0% used [0x00000000a8690000, 0x00000000a8690000, 0x00000000a9750000)
 tenured generation   total 344064K, used 133283K [0x00000000c0000000, 0x00000000d5000000, 0x0000000100000000)
   the space 344064K,  38% used [0x00000000c0000000, 0x00000000c8228d38, 0x00000000c8228e00, 0x00000000d5000000)
 Metaspace       used 74471K, capacity 77596K, committed 77696K, reserved 1116160K
  class space    used 9450K, capacity 10093K, committed 10112K, reserved 1048576K
Event: 2915.142 GC heap after
Heap after GC invocations=49 (full 4):
 def new generation   total 154944K, used 4275K [0x00000000a0000000, 0x00000000aa810000, 0x00000000c0000000)
  eden space 137792K,   0% used [0x00000000a0000000, 0x00000000a0000000, 0x00000000a8690000)
  from space 17152K,  24% used [0x00000000a8690000, 0x00000000a8abcf10, 0x00000000a9750000)
  to   space 17152K,   0% used [0x00000000a9750000, 0x00000000a9750000, 0x00000000aa810000)
 tenured generation   total 344064K, used 133283K [0x00000000c0000000, 0x00000000d5000000, 0x0000000100000000)
   the space 344064K,  38% used [0x00000000c0000000, 0x00000000c8228d38, 0x00000000c8228e00, 0x00000000d5000000)
 Metaspace       used 74471K, capacity 77596K, committed 77696K, reserved 1116160K
  class space    used 9450K, capacity 10093K, committed 10112K, reserved 1048576K
}
Event: 2915.259 GC heap before
{Heap before GC invocations=49 (full 4):
 def new generation   total 154944K, used 142065K [0x00000000a0000000, 0x00000000aa810000, 0x00000000c0000000)
  eden space 137792K,  99% used [0x00000000a0000000, 0x00000000a868f4f8, 0x00000000a8690000)
  from space 17152K,  24% used [0x00000000a8690000, 0x00000000a8abcf10, 0x00000000a9750000)
  to   space 17152K,   0% used [0x00000000a9750000, 0x00000000a9750000, 0x00000000aa810000)
 tenured generation   total 344064K, used 133283K [0x00000000c0000000, 0x00000000d5000000, 0x0000000100000000)
   the space 344064K,  38% used [0x00000000c0000000, 0x00000000c8228d38, 0x00000000c8228e00, 0x00000000d5000000)
 Metaspace       used 74471K, capacity 77596K, committed 77696K, reserved 1116160K
  class space    used 9450K, capacity 10093K, committed 10112K, reserved 1048576K
Event: 2915.287 GC heap after
Heap after GC invocations=50 (full 4):
 def new generation   total 154944K, used 4190K [0x00000000a0000000, 0x00000000aa810000, 0x00000000c0000000)
  eden space 137792K,   0% used [0x00000000a0000000, 0x00000000a0000000, 0x00000000a8690000)
  from space 17152K,  24% used [0x00000000a9750000, 0x00000000a9b67ae8, 0x00000000aa810000)
  to   space 17152K,   0% used [0x00000000a8690000, 0x00000000a8690000, 0x00000000a9750000)
 tenured generation   total 344064K, used 133283K [0x00000000c0000000, 0x00000000d5000000, 0x0000000100000000)
   the space 344064K,  38% used [0x00000000c0000000, 0x00000000c8228d38, 0x00000000c8228e00, 0x00000000d5000000)
 Metaspace       used 74471K, capacity 77596K, committed 77696K, reserved 1116160K
  class space    used 9450K, capacity 10093K, committed 10112K, reserved 1048576K
}
Event: 2918.188 GC heap before
{Heap before GC invocations=50 (full 4):
 def new generation   total 154944K, used 141982K [0x00000000a0000000, 0x00000000aa810000, 0x00000000c0000000)
  eden space 137792K, 100% used [0x00000000a0000000, 0x00000000a8690000, 0x00000000a8690000)
  from space 17152K,  24% used [0x00000000a9750000, 0x00000000a9b67ae8, 0x00000000aa810000)
  to   space 17152K,   0% used [0x00000000a8690000, 0x00000000a8690000, 0x00000000a9750000)
 tenured generation   total 344064K, used 133283K [0x00000000c0000000, 0x00000000d5000000, 0x0000000100000000)
   the space 344064K,  38% used [0x00000000c0000000, 0x00000000c8228d38, 0x00000000c8228e00, 0x00000000d5000000)
 Metaspace       used 75310K, capacity 78498K, committed 78592K, reserved 1118208K
  class space    used 9544K, capacity 10200K, committed 10240K, reserved 1048576K
Event: 2918.245 GC heap after
Heap after GC invocations=51 (full 4):
 def new generation   total 154944K, used 5448K [0x00000000a0000000, 0x00000000aa810000, 0x00000000c0000000)
  eden space 137792K,   0% used [0x00000000a0000000, 0x00000000a0000000, 0x00000000a8690000)
  from space 17152K,  31% used [0x00000000a8690000, 0x00000000a8be23a0, 0x00000000a9750000)
  to   space 17152K,   0% used [0x00000000a9750000, 0x00000000a9750000, 0x00000000aa810000)
 tenured generation   total 344064K, used 133283K [0x00000000c0000000, 0x00000000d5000000, 0x0000000100000000)
   the space 344064K,  38% used [0x00000000c0000000, 0x00000000c8228d38, 0x00000000c8228e00, 0x00000000d5000000)
 Metaspace       used 75310K, capacity 78498K, committed 78592K, reserved 1118208K
  class space    used 9544K, capacity 10200K, committed 10240K, reserved 1048576K
}
Event: 2920.695 GC heap before
{Heap before GC invocations=51 (full 4):
 def new generation   total 154944K, used 143240K [0x00000000a0000000, 0x00000000aa810000, 0x00000000c0000000)
  eden space 137792K, 100% used [0x00000000a0000000, 0x00000000a8690000, 0x00000000a8690000)
  from space 17152K,  31% used [0x00000000a8690000, 0x00000000a8be23a0, 0x00000000a9750000)
  to   space 17152K,   0% used [0x00000000a9750000, 0x00000000a9750000, 0x00000000aa810000)
 tenured generation   total 344064K, used 133283K [0x00000000c0000000, 0x00000000d5000000, 0x0000000100000000)
   the space 344064K,  38% used [0x00000000c0000000, 0x00000000c8228d38, 0x00000000c8228e00, 0x00000000d5000000)
 Metaspace       used 75519K, capacity 78690K, committed 78848K, reserved 1118208K
  class space    used 9555K, capacity 10200K, committed 10240K, reserved 1048576K
Event: 2920.937 GC heap after
Heap after GC invocations=52 (full 4):
 def new generation   total 154944K, used 14977K [0x00000000a0000000, 0x00000000aa810000, 0x00000000c0000000)
  eden space 137792K,   0% used [0x00000000a0000000, 0x00000000a0000000, 0x00000000a8690000)
  from space 17152K,  87% used [0x00000000a9750000, 0x00000000aa5f0418, 0x00000000aa810000)
  to   space 17152K,   0% used [0x00000000a8690000, 0x00000000a8690000, 0x00000000a9750000)
 tenured generation   total 344064K, used 133283K [0x00000000c0000000, 0x00000000d5000000, 0x0000000100000000)
   the space 344064K,  38% used [0x00000000c0000000, 0x00000000c8228d38, 0x00000000c8228e00, 0x00000000d5000000)
 Metaspace       used 75519K, capacity 78690K, committed 78848K, reserved 1118208K
  class space    used 9555K, capacity 10200K, committed 10240K, reserved 1048576K
}

